Arguments: 
  C:\Program Files\nodejs\node.exe C:\Users\Steven\AppData\Roaming\npm\node_modules\yarn\bin\yarn.js init iy

PATH: 
  C:\Users\Steven\bin;C:\Program Files\Git\mingw64\bin;C:\Program Files\Git\usr\local\bin;C:\Program Files\Git\usr\bin;C:\Program Files\Git\usr\bin;C:\Program Files\Git\mingw64\bin;C:\Program Files\Git\usr\bin;C:\Users\Steven\bin;C:\Program Files (x86)\Razer\ChromaBroadcast\bin;C:\Program Files\Razer\ChromaBroadcast\bin;C:\Program Files (x86)\VMware\VMware Player\bin;C:\Program Files\Common Files\Oracle\Java\javapath;C:\Python39\Scripts;C:\Python39;C:\Windows\system32;C:\Windows;C:\Windows\System32\Wbem;C:\Windows\System32\WindowsPowerShell\v1.0;C:\Windows\System32\OpenSSH;C:\Program Files (x86)\NVIDIA Corporation\PhysX\Common;C:\Program Files\NVIDIA Corporation\NVIDIA NvDLISR;C:\Users\Steven\AppData\Local\Programs\Python\Python38;C:\Users\Steven\AppData\Roaming\Microsoft\Windows\Start Menu\Programs\Python 3.8;C:\Users\Steven\AppData\Local\Programs\Python\Python38\Scripts;C:\WINDOWS\system32;C:\WINDOWS;C:\WINDOWS\System32\Wbem;C:\WINDOWS\System32\WindowsPowerShell\v1.0;C:\WINDOWS\System32\OpenSSH;C:\ProgramData\chocolatey\bin;C:\Program Files\Git\cmd;C:\Users\Steven\AppData\Roaming\Python\Python39\Scripts;C:\Program Files\Docker\Docker\resources\bin;C:\ProgramData\DockerDesktop\version-bin;C:\Users\Steven\AppData\Roaming\nvm;C:\Program Files\nodejs;C:\WINDOWS\system32\config\systemprofile\AppData\Local\Microsoft\WindowsApps;C:\Users\Steven\AppData\Roaming\nvm;C:\Program Files\nodejs;C:\Program Files\MySQL\MySQL Server 8.0\bin;C:\Program Files\MySQL\MySQL Shell 8.0\bin;C:\Windows\system32;C:\Windows;C:\Windows\System32\Wbem;C:\Windows\System32\WindowsPowerShell\v1.0;C:\Windows\System32\OpenSSH;C:\Program Files (x86)\NVIDIA Corporation\PhysX\Common;C:\Program Files\NVIDIA Corporation\NVIDIA NvDLISR;C:\Users\Steven\AppData\Local\Programs\Python\Python38;C:\Users\Steven\AppData\Local\Microsoft\WindowsApps;C:\Users\Steven\AppData\Local\Programs\Microsoft VS Code\bin;C:\Python38\Scripts;C:\Users\Steven\AppData\Local\Microsoft\WindowsApps;C:\Users\Steven\AppData\Local\GitHubDesktop\bin;C:\Program Files\heroku\bin;C:\Users\Steven\AppData\Roaming\Python\Python39\Scripts;C:\Users\Steven\AppData\Roaming\npm;C:\Users\Steven\Documents\flutter\bin;C:\Program Files\Java\jdk-15.0.2\bin;C:\Users\Steven\AppData\Roaming\nvm;C:\Program Files\nodejs;C:\Program Files\PostgreSQL\14\bin;C:\Program Files\Git\usr\bin\vendor_perl;C:\Program Files\Git\usr\bin\core_perl

Yarn version: 
  1.22.17

Node version: 
  16.16.0

Platform: 
  win32 x64

Trace: 
  Error: canceled
      at Interface.<anonymous> (C:\Users\Steven\AppData\Roaming\npm\node_modules\yarn\lib\cli.js:137143:13)
      at Interface.emit (node:events:527:28)
      at Interface._ttyWrite (node:readline:1081:16)
      at ReadStream.onkeypress (node:readline:288:10)
      at ReadStream.emit (node:events:527:28)
      at emitKeys (node:internal/readline/utils:358:14)
      at emitKeys.next (<anonymous>)
      at ReadStream.onData (node:internal/readline/emitKeypressEvents:61:36)
      at ReadStream.emit (node:events:527:28)
      at addChunk (node:internal/streams/readable:315:12)

npm manifest: 
  No manifest

yarn manifest: 
  No manifest

Lockfile: 
  No lockfile
